<?xml version="1.0" encoding="UTF-8"?>
<!-- Generated by org.testng.reporters.JUnitReportReporter -->
<testsuite hostname="Mani-PC" name="testcases.TC001_Login" tests="2" failures="0" timestamp="18 Sep 2018 17:17:19 GMT" time="45.560" errors="0">
  <testcase name="loginLogOut" time="28.688" classname="testcases.TC001_Login"/>
  <testcase name="loginLogOut" time="16.872" classname="testcases.TC001_Login"/>
</testsuite> <!-- testcases.TC001_Login -->
